<?xml version="1.0" encoding="UTF-8"?>
<testng-results ignored="0" total="2" passed="1" failed="1" skipped="0">
  <reporter-output>
  </reporter-output>
  <suite started-at="2022-09-06T10:25:32 IST" name="Default suite" finished-at="2022-09-06T10:25:48 IST" duration-ms="16105">
    <groups>
      <group name="cucumber">
        <method signature="AbstractTestNGCucumberTests.runScenario(io.cucumber.testng.PickleWrapper,io.cucumber.testng.FeatureWrapper)[pri:0, instance:com.cucumberFramework.testRunner.TestRunner@2e8c1c9b]" name="runScenario" class="io.cucumber.testng.AbstractTestNGCucumberTests"/>
      </group> <!-- cucumber -->
    </groups>
    <test started-at="2022-09-06T10:25:32 IST" name="Default test" finished-at="2022-09-06T10:25:48 IST" duration-ms="16105">
      <class name="com.cucumberFramework.testRunner.TestRunner">
        <test-method is-config="true" signature="setUpClass(org.testng.ITestContext)[pri:0, instance:com.cucumberFramework.testRunner.TestRunner@2e8c1c9b]" started-at="2022-09-06T10:25:32 IST" name="setUpClass" finished-at="2022-09-06T10:25:33 IST" duration-ms="723" status="PASS">
          <params>
            <param index="0">
              <value>
                <![CDATA[org.testng.TestRunner@7eefaca0]]>
              </value>
            </param>
          </params>
          <reporter-output>
          </reporter-output>
        </test-method> <!-- setUpClass -->
        <test-method signature="runScenario(io.cucumber.testng.PickleWrapper,io.cucumber.testng.FeatureWrapper)[pri:0, instance:com.cucumberFramework.testRunner.TestRunner@2e8c1c9b]" started-at="2022-09-06T10:25:33 IST" name="runScenario" description="Runs Cucumber Scenarios" data-provider="scenarios" finished-at="2022-09-06T10:25:39 IST" duration-ms="6443" status="FAIL">
          <params>
            <param index="0">
              <value>
                <![CDATA["Login into the application with valid credentials"]]>
              </value>
            </param>
            <param index="1">
              <value>
                <![CDATA["As a user I should be able to login with valid credentials"]]>
              </value>
            </param>
          </params>
          <exception class="java.lang.AssertionError">
            <message>
              <![CDATA[expected [User Login Successful !] but found [Incorrect UserName or PassWord]]]>
            </message>
            <full-stacktrace>
              <![CDATA[java.lang.AssertionError: expected [User Login Successful !] but found [Incorrect UserName or PassWord]
at org.testng.Assert.fail(Assert.java:99)
at org.testng.Assert.failNotEquals(Assert.java:1037)
at org.testng.Assert.assertEqualsImpl(Assert.java:140)
at org.testng.Assert.assertEquals(Assert.java:122)
at org.testng.Assert.assertEquals(Assert.java:629)
at org.testng.Assert.assertEquals(Assert.java:639)
at com.cucumberFramework.stepdefinitions.loginPageStepDefinitions.i_should_verify_the_welcome_page_title(loginPageStepDefinitions.java:57)
at âœ½.I should verify the welcome page title(file:///D:/Cucumber-BDD-Automation/src/test/resources/features/login/login.feature:10)
]]>
            </full-stacktrace>
          </exception> <!-- java.lang.AssertionError -->
          <reporter-output>
          </reporter-output>
        </test-method> <!-- runScenario -->
        <test-method signature="runScenario(io.cucumber.testng.PickleWrapper,io.cucumber.testng.FeatureWrapper)[pri:0, instance:com.cucumberFramework.testRunner.TestRunner@2e8c1c9b]" started-at="2022-09-06T10:25:39 IST" name="runScenario" description="Runs Cucumber Scenarios" data-provider="scenarios" finished-at="2022-09-06T10:25:46 IST" duration-ms="7147" status="PASS">
          <params>
            <param index="0">
              <value>
                <![CDATA["Enter valid user details in the registration form"]]>
              </value>
            </param>
            <param index="1">
              <value>
                <![CDATA["Register an unregistered user"]]>
              </value>
            </param>
          </params>
          <reporter-output>
          </reporter-output>
        </test-method> <!-- runScenario -->
        <test-method is-config="true" signature="tearDownClass()[pri:0, instance:com.cucumberFramework.testRunner.TestRunner@2e8c1c9b]" started-at="2022-09-06T10:25:46 IST" name="tearDownClass" finished-at="2022-09-06T10:25:48 IST" duration-ms="1761" status="PASS">
          <reporter-output>
          </reporter-output>
        </test-method> <!-- tearDownClass -->
      </class> <!-- com.cucumberFramework.testRunner.TestRunner -->
    </test> <!-- Default test -->
  </suite> <!-- Default suite -->
</testng-results>
